2025-05-23 03:52:29 Loading main app package /usr/lib/obsidian/obsidian.asar
2025-05-23 03:52:30 Checking for update using Github
2025-05-23 03:52:30 Success.
2025-05-23 03:52:30 Latest version is 1.8.10
2025-05-23 03:52:30 App is up to date.
2025-05-23 03:59:30 Loading main app package /usr/lib/obsidian/obsidian.asar
2025-05-23 03:59:30 Checking for update using Github
2025-05-23 03:59:31 Success.
2025-05-23 03:59:31 Latest version is 1.8.10
2025-05-23 03:59:31 App is up to date.
2025-05-23 04:01:50 Loading main app package /usr/lib/obsidian/obsidian.asar
2025-05-23 04:01:51 Checking for update using Github
2025-05-23 04:01:51 Success.
2025-05-23 04:01:51 Latest version is 1.8.10
2025-05-23 04:01:51 App is up to date.
2025-05-23 04:04:37 Loading main app package /usr/lib/obsidian/obsidian.asar
2025-05-23 04:04:37 Checking for update using Github
2025-05-23 04:04:38 Success.
2025-05-23 04:04:38 Latest version is 1.8.10
2025-05-23 04:04:38 App is up to date.
2025-05-27 17:07:55 Loading main app package /usr/lib/obsidian/obsidian.asar
2025-05-27 17:07:55 Checking for update using Github
2025-05-27 17:07:56 Success.
2025-05-27 17:07:56 Latest version is 1.8.10
2025-05-27 17:07:56 App is up to date.
2025-05-27 17:20:52 Loading main app package /usr/lib/obsidian/obsidian.asar
2025-05-27 17:20:52 Checking for update using Github
2025-05-27 17:20:52 Success.
2025-05-27 17:20:52 Latest version is 1.8.10
2025-05-27 17:20:52 App is up to date.
2025-05-27 17:21:56 Loading main app package /usr/lib/obsidian/obsidian.asar
2025-05-27 17:21:56 Checking for update using Github
2025-05-27 17:21:56 Success.
2025-05-27 17:21:56 Latest version is 1.8.10
2025-05-27 17:21:56 App is up to date.
2025-05-28 14:05:53 Loading main app package /usr/lib/obsidian/obsidian.asar
2025-05-28 14:05:54 Checking for update using Github
2025-05-28 14:05:54 Success.
2025-05-28 14:05:54 Latest version is 1.8.10
2025-05-28 14:05:54 App is up to date.
2025-06-07 15:12:44 Loading main app package /usr/lib/obsidian/obsidian.asar
2025-06-07 15:12:45 Checking for update using Github
2025-06-07 15:12:51 Success.
2025-06-07 15:12:51 Latest version is 1.8.10
2025-06-07 15:12:51 App is up to date.
2025-06-07 15:29:07 Loading main app package /usr/lib/obsidian/obsidian.asar
2025-06-07 15:29:09 Checking for update using Github
2025-06-07 15:29:09 Success.
2025-06-07 15:29:09 Latest version is 1.8.10
2025-06-07 15:29:09 App is up to date.
2025-06-13 04:29:30 Loading main app package /usr/lib/obsidian/obsidian.asar
2025-06-13 04:29:31 Checking for update using Github
2025-06-13 04:29:31 Success.
2025-06-13 04:29:31 Latest version is 1.8.10
2025-06-13 04:29:31 App is up to date.
2025-06-13 11:28:14 Checking for update using Github
2025-06-13 11:28:14 Failed to check for update using Github (net::ERR_INTERNET_DISCONNECTED)
2025-06-13 11:28:14 Checking for update using obsidian.md
2025-06-13 11:28:14 Failed to check for update using obsidian.md (net::ERR_INTERNET_DISCONNECTED)
2025-06-13 15:34:33 Checking for update using Github
2025-06-13 15:34:33 Success.
2025-06-13 15:34:33 Latest version is 1.8.10
2025-06-13 15:34:33 App is up to date.
2025-06-13 16:34:33 Checking for update using Github
2025-06-13 16:34:33 Success.
2025-06-13 16:34:33 Latest version is 1.8.10
2025-06-13 16:34:33 App is up to date.
2025-06-14 14:29:03 Loading main app package /usr/lib/obsidian/obsidian.asar
2025-06-14 14:29:04 Checking for update using Github
2025-06-14 14:29:05 Success.
2025-06-14 14:29:05 Latest version is 1.8.10
2025-06-14 14:29:05 App is up to date.
2025-06-14 15:44:09 Checking for update using Github
2025-06-14 15:44:09 Success.
2025-06-14 15:44:09 Latest version is 1.8.10
2025-06-14 15:44:09 App is up to date.
2025-06-17 14:56:40 Loading main app package /usr/lib/obsidian/obsidian.asar
2025-06-17 14:56:41 Checking for update using Github
2025-06-17 14:56:41 Success.
2025-06-17 14:56:41 Latest version is 1.8.10
2025-06-17 14:56:41 App is up to date.
